Change Component Designator: Old Designator=C2 New Designator=C7
Change Component Designator: Old Designator=C3 New Designator=C8
Change Component Designator: Old Designator=C4 New Designator=C9
Change Component Designator: Old Designator=C7 New Designator=C10
Change Component Designator: Old Designator=C7 New Designator=C11
Change Component Designator: Old Designator=C7 New Designator=C12
Change Component Designator: Old Designator=C9 New Designator=C13
Change Component Designator: Old Designator=C10 New Designator=C14
Change Component Designator: Old Designator=C13 New Designator=C15
Change Component Designator: Old Designator=C14 New Designator=C16
Change Component Designator: Old Designator=C15 New Designator=C17
Change Component Designator: Old Designator=C16 New Designator=C18
Change Component Designator: Old Designator=CN1 New Designator=CN5
Change Component Designator: Old Designator=CN5 New Designator=CN6
Change Component Designator: Old Designator=CN9 New Designator=CN3
Change Component Designator: Old Designator=CN9 New Designator=CN4
Change Component Designator: Old Designator=D3 New Designator=D1
Change Component Designator: Old Designator=LED3 New Designator=LED4
Change Component Designator: Old Designator=LED4 New Designator=LED5
Change Component Designator: Old Designator=LED5 New Designator=LED6
Change Component Designator: Old Designator=LED6 New Designator=LED7
Change Component Designator: Old Designator=PTC3 New Designator=PTC1
Change Component Designator: Old Designator=R11 New Designator=R23
Change Component Designator: Old Designator=R12 New Designator=R19
Change Component Designator: Old Designator=R12 New Designator=R20
Change Component Designator: Old Designator=R12 New Designator=R21
Change Component Designator: Old Designator=R12 New Designator=R22
Change Component Designator: Old Designator=R12 New Designator=R24
Change Component Designator: Old Designator=R14 New Designator=R25
Change Component Designator: Old Designator=R18 New Designator=R26
Change Component Designator: Old Designator=R19 New Designator=R28
Change Component Designator: Old Designator=R23 New Designator=R29
Change Component Designator: Old Designator=U1 New Designator=U4
