Added Component: Designator=C1(SMD_0805)
Added Component: Designator=C2(SMD_0805)
Added Component: Designator=C3(SMD_0805)
Added Component: Designator=C4(SMD_0805)
Added Component: Designator=C5(SMD_0805)
Added Component: Designator=C6(SMD_0805)
Added Component: Designator=C7(CapPol_SMD_C)
Added Component: Designator=C8(SMD_0805)
Added Component: Designator=C9(SMD_0805)
Added Component: Designator=C10(SMD0805C)
Added Component: Designator=C11(SMD0805C)
Added Component: Designator=C12(SMD0805C)
Added Component: Designator=C13(SMD_0805)
Added Component: Designator=C14(SMD_0805)
Added Component: Designator=C15(CapPol_SMD_C)
Added Component: Designator=C16(CapPol_SMD_C)
Added Component: Designator=C17(SMD0805C)
Added Component: Designator=C18(SMD0805C)
Added Component: Designator=CN1(KK4 - 2.54mm)
Added Component: Designator=CN2(KK4 - 2.54mm)
Added Component: Designator=CN3(KK3 - 2.54mm)
Added Component: Designator=CN4(KK3 - 2.54mm)
Added Component: Designator=CN5(PROG PIC)
Added Component: Designator=CN6(MFJRH4X1)
Added Component: Designator=CN7(KK3 - 2.54mm)
Added Component: Designator=CN8(KK3 - 2.54mm)
Added Component: Designator=CN9(KK3 - 2.54mm)
Added Component: Designator=CN10(KK3 - 2.54mm)
Added Component: Designator=CN11(KK3 - 2.54mm)
Added Component: Designator=CN12(KK3 - 2.54mm)
Added Component: Designator=CN13(KK3 - 2.54mm)
Added Component: Designator=CN14(KK3 - 2.54mm)
Added Component: Designator=CN15(KK3 - 2.54mm)
Added Component: Designator=CN16(KK3 - 2.54mm)
Added Component: Designator=CN17(KK3 - 2.54mm)
Added Component: Designator=CN18(KK3 - 2.54mm)
Added Component: Designator=CN19(KK3 - 2.54mm)
Added Component: Designator=CN20(KK3 - 2.54mm)
Added Component: Designator=D1(DIODE-400)
Added Component: Designator=FB1(SMD_0805)
Added Component: Designator=LED1(LED_SMD_0805)
Added Component: Designator=LED2(LED_SMD_0805)
Added Component: Designator=LED3(LED_SMD_0805)
Added Component: Designator=LED4(LED_SMD_0805)
Added Component: Designator=LED5(LED_SMD_0805)
Added Component: Designator=LED6(LED_SMD_0805)
Added Component: Designator=LED7(LED_SMD_0805)
Added Component: Designator=LED8(LED_SMD_0805)
Added Component: Designator=LED9(LED_SMD_0805)
Added Component: Designator=LED10(LED_SMD_0805)
Added Component: Designator=LED11(LED_SMD_0805)
Added Component: Designator=LED12(LED_SMD_0805)
Added Component: Designator=LED13(LED_SMD_0805)
Added Component: Designator=LED14(LED_SMD_0805)
Added Component: Designator=LED15(LED_SMD_0805)
Added Component: Designator=LED16(LED_SMD_0805)
Added Component: Designator=LED17(LED_SMD_0805)
Added Component: Designator=LED18(LED_SMD_0805)
Added Component: Designator=LED19(LED_SMD_0805)
Added Component: Designator=LED20(LED_SMD_0805)
Added Component: Designator=LED21(LED_SMD_0805)
Added Component: Designator=P1(JMP_DIP2)
Added Component: Designator=P2(PIN8)
Added Component: Designator=PTC1(PTC-200)
Added Component: Designator=PTC2(PTC-200)
Added Component: Designator=PTC3(PTC-200)
Added Component: Designator=R1(SMD_0805)
Added Component: Designator=R2(SMD_0805)
Added Component: Designator=R3(SMD_0805)
Added Component: Designator=R4(SMD_0805)
Added Component: Designator=R5(SMD_0805)
Added Component: Designator=R6(SMD_0805)
Added Component: Designator=R7(SMD_0805)
Added Component: Designator=R8(SMD_0805)
Added Component: Designator=R9(SMD_0805)
Added Component: Designator=R10(SMD_0805)
Added Component: Designator=R11(SMD_0805)
Added Component: Designator=R12(SMD_0805)
Added Component: Designator=R13(SMD_0805)
Added Component: Designator=R14(SMD_0805)
Added Component: Designator=R15(SMD_0805)
Added Component: Designator=R16(SMD_0805)
Added Component: Designator=R17(SMD_0805)
Added Component: Designator=R18(SMD_0805)
Added Component: Designator=R19(SMD0805)
Added Component: Designator=R20(SMD0805)
Added Component: Designator=R21(SMD0805)
Added Component: Designator=R22(SMD0805)
Added Component: Designator=R23(SMD0805)
Added Component: Designator=R24(SMD0805)
Added Component: Designator=R25(SMD_0805)
Added Component: Designator=R26(SMD_0805)
Added Component: Designator=R27(AXIAL-500)
Added Component: Designator=R28(SMD_0805)
Added Component: Designator=R29(SMD_0805)
Added Component: Designator=R30(SMD0805)
Added Component: Designator=R31(SMD0805)
Added Component: Designator=R32(SMD0805)
Added Component: Designator=R33(SMD0805)
Added Component: Designator=R34(SMD0805)
Added Component: Designator=R35(SMD0805)
Added Component: Designator=R36(SMD0805)
Added Component: Designator=R37(SMD0805)
Added Component: Designator=R38(SMD0805)
Added Component: Designator=R39(SMD0805)
Added Component: Designator=R40(SMD0805)
Added Component: Designator=R41(SMD0805)
Added Component: Designator=R42(SMD0805)
Added Component: Designator=R43(SMD0805)
Added Component: Designator=R44(SMD0805)
Added Component: Designator=R45(SMD0805)
Added Component: Designator=R46(SMD0805)
Added Component: Designator=R47(SMD0805)
Added Component: Designator=R48(SMD0805)
Added Component: Designator=R49(SMD0805)
Added Component: Designator=R50(SMD0805)
Added Component: Designator=R51(SMD0805)
Added Component: Designator=R52(SMD0805)
Added Component: Designator=R53(SMD0805)
Added Component: Designator=R54(SMD0805)
Added Component: Designator=R55(SMD0805)
Added Component: Designator=R56(SMD0805)
Added Component: Designator=R57(SMD0805)
Added Component: Designator=U1(SO-8_SO-G8/E2.5)
Added Component: Designator=U2(SO-8_SO-G8/E2.5)
Added Component: Designator=U3(SO4)
Added Component: Designator=U4(QFP10X10-G44/Y1.8N)
Added Component: Designator=U5(TO220_V)
Added Component: Designator=U6(SO4)
Added Component: Designator=U7(SO4)
Added Component: Designator=U8(SO4)
Added Component: Designator=U9(SO4)
Added Component: Designator=U10(SO4)
Added Component: Designator=U11(SO4)
Added Component: Designator=U12(SO4)
Added Component: Designator=U13(SO4)
Added Component: Designator=U14(SO4)
Added Component: Designator=U15(SO4)
Added Component: Designator=U16(SO4)
Added Component: Designator=U17(SO4)
Added Component: Designator=U18(SO4)
Added Component: Designator=U19(SO4)
Added Component: Designator=Y1(CRYSTAL)
Added Pin To Net: NetName=#MCLR Pin=CN5-3
Added Net: Name=#MCLR
Added Pin To Net: NetName=5V_CPU Pin=C7-1
Added Pin To Net: NetName=5V_CPU Pin=C8-1
Added Pin To Net: NetName=5V_CPU Pin=C9-1
Added Pin To Net: NetName=5V_CPU Pin=FB1-1
Added Pin To Net: NetName=5V_CPU Pin=U4-7
Added Pin To Net: NetName=5V_CPU Pin=U4-28
Added Net: Name=5V_CPU
Added Pin To Net: NetName=5V Pin=C1-1
Added Pin To Net: NetName=5V Pin=C4-1
Added Pin To Net: NetName=5V Pin=C16-1
Added Pin To Net: NetName=5V Pin=C18-1
Added Pin To Net: NetName=5V Pin=CN3-1
Added Pin To Net: NetName=5V Pin=CN4-1
Added Pin To Net: NetName=5V Pin=CN5-1
Added Pin To Net: NetName=5V Pin=FB1-2
Added Pin To Net: NetName=5V Pin=P2-1
Added Pin To Net: NetName=5V Pin=R2-2
Added Pin To Net: NetName=5V Pin=R4-2
Added Pin To Net: NetName=5V Pin=R10-2
Added Pin To Net: NetName=5V Pin=R12-2
Added Pin To Net: NetName=5V Pin=R23-1
Added Pin To Net: NetName=5V Pin=R28-1
Added Pin To Net: NetName=5V Pin=U1-8
Added Pin To Net: NetName=5V Pin=U2-8
Added Pin To Net: NetName=5V Pin=U5-3
Added Pin To Net: NetName=5V Pin=U6-4
Added Pin To Net: NetName=5V Pin=U7-4
Added Pin To Net: NetName=5V Pin=U8-4
Added Pin To Net: NetName=5V Pin=U9-4
Added Pin To Net: NetName=5V Pin=U10-4
Added Pin To Net: NetName=5V Pin=U11-4
Added Pin To Net: NetName=5V Pin=U12-4
Added Pin To Net: NetName=5V Pin=U13-4
Added Pin To Net: NetName=5V Pin=U14-4
Added Pin To Net: NetName=5V Pin=U15-4
Added Pin To Net: NetName=5V Pin=U16-4
Added Pin To Net: NetName=5V Pin=U17-4
Added Pin To Net: NetName=5V Pin=U18-4
Added Pin To Net: NetName=5V Pin=U19-4
Added Net: Name=5V
Added Pin To Net: NetName=12VIN Pin=CN1-4
Added Pin To Net: NetName=12VIN Pin=CN6-3
Added Pin To Net: NetName=12VIN Pin=PTC1-1
Added Net: Name=12VIN
Added Pin To Net: NetName=12VPTC1 Pin=CN7-1
Added Pin To Net: NetName=12VPTC1 Pin=CN8-1
Added Pin To Net: NetName=12VPTC1 Pin=CN10-1
Added Pin To Net: NetName=12VPTC1 Pin=CN11-1
Added Pin To Net: NetName=12VPTC1 Pin=CN13-1
Added Pin To Net: NetName=12VPTC1 Pin=CN16-1
Added Pin To Net: NetName=12VPTC1 Pin=CN19-1
Added Pin To Net: NetName=12VPTC1 Pin=PTC2-1
Added Net: Name=12VPTC1
Added Pin To Net: NetName=12VPTC2 Pin=CN9-1
Added Pin To Net: NetName=12VPTC2 Pin=CN12-1
Added Pin To Net: NetName=12VPTC2 Pin=CN14-1
Added Pin To Net: NetName=12VPTC2 Pin=CN15-1
Added Pin To Net: NetName=12VPTC2 Pin=CN17-1
Added Pin To Net: NetName=12VPTC2 Pin=CN18-1
Added Pin To Net: NetName=12VPTC2 Pin=CN20-1
Added Pin To Net: NetName=12VPTC2 Pin=PTC3-1
Added Net: Name=12VPTC2
Added Pin To Net: NetName=12V Pin=C15-1
Added Pin To Net: NetName=12V Pin=C17-1
Added Pin To Net: NetName=12V Pin=PTC2-2
Added Pin To Net: NetName=12V Pin=PTC3-2
Added Pin To Net: NetName=12V Pin=R27-2
Added Pin To Net: NetName=12V Pin=R29-1
Added Pin To Net: NetName=12V Pin=U5-1
Added Pin To Net: NetName=12V Pin=U6-1
Added Pin To Net: NetName=12V Pin=U7-1
Added Pin To Net: NetName=12V Pin=U8-1
Added Pin To Net: NetName=12V Pin=U9-1
Added Pin To Net: NetName=12V Pin=U10-1
Added Pin To Net: NetName=12V Pin=U11-1
Added Pin To Net: NetName=12V Pin=U12-1
Added Pin To Net: NetName=12V Pin=U13-1
Added Pin To Net: NetName=12V Pin=U14-1
Added Pin To Net: NetName=12V Pin=U15-1
Added Pin To Net: NetName=12V Pin=U16-1
Added Pin To Net: NetName=12V Pin=U17-1
Added Pin To Net: NetName=12V Pin=U18-1
Added Pin To Net: NetName=12V Pin=U19-1
Added Net: Name=12V
Added Pin To Net: NetName=AN1 Pin=C10-1
Added Pin To Net: NetName=AN1 Pin=R19-1
Added Pin To Net: NetName=AN1 Pin=R20-2
Added Pin To Net: NetName=AN1 Pin=U4-41
Added Net: Name=AN1
Added Pin To Net: NetName=AN2 Pin=C11-1
Added Pin To Net: NetName=AN2 Pin=R21-1
Added Pin To Net: NetName=AN2 Pin=R22-2
Added Pin To Net: NetName=AN2 Pin=U4-38
Added Net: Name=AN2
Added Pin To Net: NetName=ENCODER1 Pin=R40-1
Added Pin To Net: NetName=ENCODER1 Pin=U4-36
Added Pin To Net: NetName=ENCODER1 Pin=U11-3
Added Net: Name=ENCODER1
Added Pin To Net: NetName=ENCODER2 Pin=R46-1
Added Pin To Net: NetName=ENCODER2 Pin=U4-35
Added Pin To Net: NetName=ENCODER2 Pin=U14-3
Added Net: Name=ENCODER2
Added Pin To Net: NetName=ENCODER3 Pin=R52-1
Added Pin To Net: NetName=ENCODER3 Pin=U4-15
Added Pin To Net: NetName=ENCODER3 Pin=U17-3
Added Net: Name=ENCODER3
Added Pin To Net: NetName=ERRO Pin=R18-1
Added Pin To Net: NetName=ERRO Pin=U4-3
Added Net: Name=ERRO
Added Pin To Net: NetName=GND Pin=C1-2
Added Pin To Net: NetName=GND Pin=C2-1
Added Pin To Net: NetName=GND Pin=C3-1
Added Pin To Net: NetName=GND Pin=C4-2
Added Pin To Net: NetName=GND Pin=C5-1
Added Pin To Net: NetName=GND Pin=C6-1
Added Pin To Net: NetName=GND Pin=C7-2
Added Pin To Net: NetName=GND Pin=C8-2
Added Pin To Net: NetName=GND Pin=C9-2
Added Pin To Net: NetName=GND Pin=C10-2
Added Pin To Net: NetName=GND Pin=C11-2
Added Pin To Net: NetName=GND Pin=C12-2
Added Pin To Net: NetName=GND Pin=C13-2
Added Pin To Net: NetName=GND Pin=C14-2
Added Pin To Net: NetName=GND Pin=C15-2
Added Pin To Net: NetName=GND Pin=C16-2
Added Pin To Net: NetName=GND Pin=C17-2
Added Pin To Net: NetName=GND Pin=C18-2
Added Pin To Net: NetName=GND Pin=CN1-1
Added Pin To Net: NetName=GND Pin=CN2-1
Added Pin To Net: NetName=GND Pin=CN3-3
Added Pin To Net: NetName=GND Pin=CN4-3
Added Pin To Net: NetName=GND Pin=CN5-2
Added Pin To Net: NetName=GND Pin=CN6-1
Added Pin To Net: NetName=GND Pin=CN6-2
Added Pin To Net: NetName=GND Pin=CN7-3
Added Pin To Net: NetName=GND Pin=CN8-3
Added Pin To Net: NetName=GND Pin=CN9-3
Added Pin To Net: NetName=GND Pin=CN10-3
Added Pin To Net: NetName=GND Pin=CN11-3
Added Pin To Net: NetName=GND Pin=CN12-3
Added Pin To Net: NetName=GND Pin=CN13-3
Added Pin To Net: NetName=GND Pin=CN14-3
Added Pin To Net: NetName=GND Pin=CN15-3
Added Pin To Net: NetName=GND Pin=CN16-3
Added Pin To Net: NetName=GND Pin=CN17-3
Added Pin To Net: NetName=GND Pin=CN18-3
Added Pin To Net: NetName=GND Pin=CN19-3
Added Pin To Net: NetName=GND Pin=CN20-3
Added Pin To Net: NetName=GND Pin=LED1-2
Added Pin To Net: NetName=GND Pin=LED2-2
Added Pin To Net: NetName=GND Pin=LED4-2
Added Pin To Net: NetName=GND Pin=LED5-2
Added Pin To Net: NetName=GND Pin=LED6-2
Added Pin To Net: NetName=GND Pin=LED7-2
Added Pin To Net: NetName=GND Pin=P1-1
Added Pin To Net: NetName=GND Pin=P1-2
Added Pin To Net: NetName=GND Pin=P2-8
Added Pin To Net: NetName=GND Pin=R3-2
Added Pin To Net: NetName=GND Pin=R8-1
Added Pin To Net: NetName=GND Pin=R11-2
Added Pin To Net: NetName=GND Pin=R16-1
Added Pin To Net: NetName=GND Pin=R20-1
Added Pin To Net: NetName=GND Pin=R22-1
Added Pin To Net: NetName=GND Pin=R30-2
Added Pin To Net: NetName=GND Pin=R32-2
Added Pin To Net: NetName=GND Pin=R34-2
Added Pin To Net: NetName=GND Pin=R36-2
Added Pin To Net: NetName=GND Pin=R38-2
Added Pin To Net: NetName=GND Pin=R40-2
Added Pin To Net: NetName=GND Pin=R42-2
Added Pin To Net: NetName=GND Pin=R44-2
Added Pin To Net: NetName=GND Pin=R46-2
Added Pin To Net: NetName=GND Pin=R48-2
Added Pin To Net: NetName=GND Pin=R50-2
Added Pin To Net: NetName=GND Pin=R52-2
Added Pin To Net: NetName=GND Pin=R54-2
Added Pin To Net: NetName=GND Pin=R56-2
Added Pin To Net: NetName=GND Pin=U1-5
Added Pin To Net: NetName=GND Pin=U2-5
Added Pin To Net: NetName=GND Pin=U3-2
Added Pin To Net: NetName=GND Pin=U3-3
Added Pin To Net: NetName=GND Pin=U4-6
Added Pin To Net: NetName=GND Pin=U4-29
Added Pin To Net: NetName=GND Pin=U5-2
Added Net: Name=GND
Added Pin To Net: NetName=IO1 Pin=P2-2
Added Pin To Net: NetName=IO1 Pin=U4-25
Added Net: Name=IO1
Added Pin To Net: NetName=IO2 Pin=P2-3
Added Pin To Net: NetName=IO2 Pin=U4-26
Added Net: Name=IO2
Added Pin To Net: NetName=IO3 Pin=P2-4
Added Pin To Net: NetName=IO3 Pin=U4-27
Added Net: Name=IO3
Added Pin To Net: NetName=IO4 Pin=P2-5
Added Pin To Net: NetName=IO4 Pin=U4-32
Added Net: Name=IO4
Added Pin To Net: NetName=IO5 Pin=P2-6
Added Pin To Net: NetName=IO5 Pin=U4-37
Added Net: Name=IO5
Added Pin To Net: NetName=IO6 Pin=P2-7
Added Pin To Net: NetName=IO6 Pin=U4-42
Added Net: Name=IO6
Added Pin To Net: NetName=LED_AB Pin=R25-1
Added Pin To Net: NetName=LED_AB Pin=U4-39
Added Net: Name=LED_AB
Added Pin To Net: NetName=LED_OK Pin=R26-1
Added Pin To Net: NetName=LED_OK Pin=U4-40
Added Net: Name=LED_OK
Added Pin To Net: NetName=NetC2_2 Pin=C2-2
Added Pin To Net: NetName=NetC2_2 Pin=CN1-3
Added Pin To Net: NetName=NetC2_2 Pin=R6-2
Added Pin To Net: NetName=NetC2_2 Pin=R7-2
Added Pin To Net: NetName=NetC2_2 Pin=R8-2
Added Net: Name=NetC2_2
Added Pin To Net: NetName=NetC3_2 Pin=C3-2
Added Pin To Net: NetName=NetC3_2 Pin=CN1-2
Added Pin To Net: NetName=NetC3_2 Pin=R4-1
Added Pin To Net: NetName=NetC3_2 Pin=R5-2
Added Pin To Net: NetName=NetC3_2 Pin=R6-1
Added Net: Name=NetC3_2
Added Pin To Net: NetName=NetC5_2 Pin=C5-2
Added Pin To Net: NetName=NetC5_2 Pin=CN2-3
Added Pin To Net: NetName=NetC5_2 Pin=R14-2
Added Pin To Net: NetName=NetC5_2 Pin=R15-2
Added Pin To Net: NetName=NetC5_2 Pin=R16-2
Added Net: Name=NetC5_2
Added Pin To Net: NetName=NetC6_2 Pin=C6-2
Added Pin To Net: NetName=NetC6_2 Pin=CN2-2
Added Pin To Net: NetName=NetC6_2 Pin=R12-1
Added Pin To Net: NetName=NetC6_2 Pin=R13-2
Added Pin To Net: NetName=NetC6_2 Pin=R14-1
Added Net: Name=NetC6_2
Added Pin To Net: NetName=NetC12_1 Pin=C12-1
Added Pin To Net: NetName=NetC12_1 Pin=R23-2
Added Pin To Net: NetName=NetC12_1 Pin=R24-1
Added Net: Name=NetC12_1
Added Pin To Net: NetName=NetC13_1 Pin=C13-1
Added Pin To Net: NetName=NetC13_1 Pin=U4-30
Added Pin To Net: NetName=NetC13_1 Pin=Y1-1
Added Net: Name=NetC13_1
Added Pin To Net: NetName=NetC14_1 Pin=C14-1
Added Pin To Net: NetName=NetC14_1 Pin=U4-31
Added Pin To Net: NetName=NetC14_1 Pin=Y1-2
Added Net: Name=NetC14_1
Added Pin To Net: NetName=NetCN2_4 Pin=CN2-4
Added Pin To Net: NetName=NetCN2_4 Pin=R17-1
Added Net: Name=NetCN2_4
Added Pin To Net: NetName=NetCN3_2 Pin=CN3-2
Added Pin To Net: NetName=NetCN3_2 Pin=R19-2
Added Net: Name=NetCN3_2
Added Pin To Net: NetName=NetCN4_2 Pin=CN4-2
Added Pin To Net: NetName=NetCN4_2 Pin=R21-2
Added Net: Name=NetCN4_2
Added Pin To Net: NetName=NetCN7_2 Pin=CN7-2
Added Pin To Net: NetName=NetCN7_2 Pin=LED8-2
Added Net: Name=NetCN7_2
Added Pin To Net: NetName=NetCN8_2 Pin=CN8-2
Added Pin To Net: NetName=NetCN8_2 Pin=LED9-2
Added Net: Name=NetCN8_2
Added Pin To Net: NetName=NetCN9_2 Pin=CN9-2
Added Pin To Net: NetName=NetCN9_2 Pin=LED10-2
Added Net: Name=NetCN9_2
Added Pin To Net: NetName=NetCN10_2 Pin=CN10-2
Added Pin To Net: NetName=NetCN10_2 Pin=LED11-2
Added Net: Name=NetCN10_2
Added Pin To Net: NetName=NetCN11_2 Pin=CN11-2
Added Pin To Net: NetName=NetCN11_2 Pin=LED12-2
Added Net: Name=NetCN11_2
Added Pin To Net: NetName=NetCN12_2 Pin=CN12-2
Added Pin To Net: NetName=NetCN12_2 Pin=LED13-2
Added Net: Name=NetCN12_2
Added Pin To Net: NetName=NetCN13_2 Pin=CN13-2
Added Pin To Net: NetName=NetCN13_2 Pin=LED14-2
Added Net: Name=NetCN13_2
Added Pin To Net: NetName=NetCN14_2 Pin=CN14-2
Added Pin To Net: NetName=NetCN14_2 Pin=LED15-2
Added Net: Name=NetCN14_2
Added Pin To Net: NetName=NetCN15_2 Pin=CN15-2
Added Pin To Net: NetName=NetCN15_2 Pin=LED16-2
Added Net: Name=NetCN15_2
Added Pin To Net: NetName=NetCN16_2 Pin=CN16-2
Added Pin To Net: NetName=NetCN16_2 Pin=LED17-2
Added Net: Name=NetCN16_2
Added Pin To Net: NetName=NetCN17_2 Pin=CN17-2
Added Pin To Net: NetName=NetCN17_2 Pin=LED18-2
Added Net: Name=NetCN17_2
Added Pin To Net: NetName=NetCN18_2 Pin=CN18-2
Added Pin To Net: NetName=NetCN18_2 Pin=LED19-2
Added Net: Name=NetCN18_2
Added Pin To Net: NetName=NetCN19_2 Pin=CN19-2
Added Pin To Net: NetName=NetCN19_2 Pin=LED20-2
Added Net: Name=NetCN19_2
Added Pin To Net: NetName=NetCN20_2 Pin=CN20-2
Added Pin To Net: NetName=NetCN20_2 Pin=LED21-2
Added Net: Name=NetCN20_2
Added Pin To Net: NetName=NetD1_1 Pin=D1-1
Added Pin To Net: NetName=NetD1_1 Pin=R27-1
Added Net: Name=NetD1_1
Added Pin To Net: NetName=NetD1_2 Pin=D1-2
Added Pin To Net: NetName=NetD1_2 Pin=PTC1-2
Added Net: Name=NetD1_2
Added Pin To Net: NetName=NetLED1_1 Pin=LED1-1
Added Pin To Net: NetName=NetLED1_1 Pin=R1-2
Added Net: Name=NetLED1_1
Added Pin To Net: NetName=NetLED2_1 Pin=LED2-1
Added Pin To Net: NetName=NetLED2_1 Pin=R9-2
Added Net: Name=NetLED2_1
Added Pin To Net: NetName=NetLED3_1 Pin=LED3-1
Added Pin To Net: NetName=NetLED3_1 Pin=R18-2
Added Net: Name=NetLED3_1
Added Pin To Net: NetName=NetLED3_2 Pin=LED3-2
Added Pin To Net: NetName=NetLED3_2 Pin=U3-1
Added Net: Name=NetLED3_2
Added Pin To Net: NetName=NetLED4_1 Pin=LED4-1
Added Pin To Net: NetName=NetLED4_1 Pin=R25-2
Added Net: Name=NetLED4_1
Added Pin To Net: NetName=NetLED5_1 Pin=LED5-1
Added Pin To Net: NetName=NetLED5_1 Pin=R26-2
Added Net: Name=NetLED5_1
Added Pin To Net: NetName=NetLED6_1 Pin=LED6-1
Added Pin To Net: NetName=NetLED6_1 Pin=R28-2
Added Net: Name=NetLED6_1
Added Pin To Net: NetName=NetLED7_1 Pin=LED7-1
Added Pin To Net: NetName=NetLED7_1 Pin=R29-2
Added Net: Name=NetLED7_1
Added Pin To Net: NetName=NetLED8_1 Pin=LED8-1
Added Pin To Net: NetName=NetLED8_1 Pin=R31-1
Added Net: Name=NetLED8_1
Added Pin To Net: NetName=NetLED9_1 Pin=LED9-1
Added Pin To Net: NetName=NetLED9_1 Pin=R33-1
Added Net: Name=NetLED9_1
Added Pin To Net: NetName=NetLED10_1 Pin=LED10-1
Added Pin To Net: NetName=NetLED10_1 Pin=R35-1
Added Net: Name=NetLED10_1
Added Pin To Net: NetName=NetLED11_1 Pin=LED11-1
Added Pin To Net: NetName=NetLED11_1 Pin=R37-1
Added Net: Name=NetLED11_1
Added Pin To Net: NetName=NetLED12_1 Pin=LED12-1
Added Pin To Net: NetName=NetLED12_1 Pin=R39-1
Added Net: Name=NetLED12_1
Added Pin To Net: NetName=NetLED13_1 Pin=LED13-1
Added Pin To Net: NetName=NetLED13_1 Pin=R41-1
Added Net: Name=NetLED13_1
Added Pin To Net: NetName=NetLED14_1 Pin=LED14-1
Added Pin To Net: NetName=NetLED14_1 Pin=R43-1
Added Net: Name=NetLED14_1
Added Pin To Net: NetName=NetLED15_1 Pin=LED15-1
Added Pin To Net: NetName=NetLED15_1 Pin=R45-1
Added Net: Name=NetLED15_1
Added Pin To Net: NetName=NetLED16_1 Pin=LED16-1
Added Pin To Net: NetName=NetLED16_1 Pin=R47-1
Added Net: Name=NetLED16_1
Added Pin To Net: NetName=NetLED17_1 Pin=LED17-1
Added Pin To Net: NetName=NetLED17_1 Pin=R49-1
Added Net: Name=NetLED17_1
Added Pin To Net: NetName=NetLED18_1 Pin=LED18-1
Added Pin To Net: NetName=NetLED18_1 Pin=R51-1
Added Net: Name=NetLED18_1
Added Pin To Net: NetName=NetLED19_1 Pin=LED19-1
Added Pin To Net: NetName=NetLED19_1 Pin=R53-1
Added Net: Name=NetLED19_1
Added Pin To Net: NetName=NetLED20_1 Pin=LED20-1
Added Pin To Net: NetName=NetLED20_1 Pin=R55-1
Added Net: Name=NetLED20_1
Added Pin To Net: NetName=NetLED21_1 Pin=LED21-1
Added Pin To Net: NetName=NetLED21_1 Pin=R57-1
Added Net: Name=NetLED21_1
Added Pin To Net: NetName=NetR1_1 Pin=R1-1
Added Pin To Net: NetName=NetR1_1 Pin=R3-1
Added Pin To Net: NetName=NetR1_1 Pin=U1-2
Added Pin To Net: NetName=NetR1_1 Pin=U1-3
Added Net: Name=NetR1_1
Added Pin To Net: NetName=NetR5_1 Pin=R5-1
Added Pin To Net: NetName=NetR5_1 Pin=U1-6
Added Net: Name=NetR5_1
Added Pin To Net: NetName=NetR7_1 Pin=R7-1
Added Pin To Net: NetName=NetR7_1 Pin=U1-7
Added Net: Name=NetR7_1
Added Pin To Net: NetName=NetR9_1 Pin=R9-1
Added Pin To Net: NetName=NetR9_1 Pin=R11-1
Added Pin To Net: NetName=NetR9_1 Pin=U2-2
Added Pin To Net: NetName=NetR9_1 Pin=U2-3
Added Net: Name=NetR9_1
Added Pin To Net: NetName=NetR13_1 Pin=R13-1
Added Pin To Net: NetName=NetR13_1 Pin=U2-6
Added Net: Name=NetR13_1
Added Pin To Net: NetName=NetR15_1 Pin=R15-1
Added Pin To Net: NetName=NetR15_1 Pin=U2-7
Added Net: Name=NetR15_1
Added Pin To Net: NetName=NetR17_2 Pin=R17-2
Added Pin To Net: NetName=NetR17_2 Pin=U3-4
Added Net: Name=NetR17_2
Added Pin To Net: NetName=NetR24_2 Pin=R24-2
Added Pin To Net: NetName=NetR24_2 Pin=U4-18
Added Net: Name=NetR24_2
Added Pin To Net: NetName=NetR31_2 Pin=R31-2
Added Pin To Net: NetName=NetR31_2 Pin=U6-2
Added Net: Name=NetR31_2
Added Pin To Net: NetName=NetR33_2 Pin=R33-2
Added Pin To Net: NetName=NetR33_2 Pin=U7-2
Added Net: Name=NetR33_2
Added Pin To Net: NetName=NetR35_2 Pin=R35-2
Added Pin To Net: NetName=NetR35_2 Pin=U8-2
Added Net: Name=NetR35_2
Added Pin To Net: NetName=NetR37_2 Pin=R37-2
Added Pin To Net: NetName=NetR37_2 Pin=U9-2
Added Net: Name=NetR37_2
Added Pin To Net: NetName=NetR39_2 Pin=R39-2
Added Pin To Net: NetName=NetR39_2 Pin=U10-2
Added Net: Name=NetR39_2
Added Pin To Net: NetName=NetR41_2 Pin=R41-2
Added Pin To Net: NetName=NetR41_2 Pin=U11-2
Added Net: Name=NetR41_2
Added Pin To Net: NetName=NetR43_2 Pin=R43-2
Added Pin To Net: NetName=NetR43_2 Pin=U12-2
Added Net: Name=NetR43_2
Added Pin To Net: NetName=NetR45_2 Pin=R45-2
Added Pin To Net: NetName=NetR45_2 Pin=U13-2
Added Net: Name=NetR45_2
Added Pin To Net: NetName=NetR47_2 Pin=R47-2
Added Pin To Net: NetName=NetR47_2 Pin=U14-2
Added Net: Name=NetR47_2
Added Pin To Net: NetName=NetR49_2 Pin=R49-2
Added Pin To Net: NetName=NetR49_2 Pin=U15-2
Added Net: Name=NetR49_2
Added Pin To Net: NetName=NetR51_2 Pin=R51-2
Added Pin To Net: NetName=NetR51_2 Pin=U16-2
Added Net: Name=NetR51_2
Added Pin To Net: NetName=NetR53_2 Pin=R53-2
Added Pin To Net: NetName=NetR53_2 Pin=U17-2
Added Net: Name=NetR53_2
Added Pin To Net: NetName=NetR55_2 Pin=R55-2
Added Pin To Net: NetName=NetR55_2 Pin=U18-2
Added Net: Name=NetR55_2
Added Pin To Net: NetName=NetR57_2 Pin=R57-2
Added Pin To Net: NetName=NetR57_2 Pin=U19-2
Added Net: Name=NetR57_2
Added Pin To Net: NetName=PGC Pin=CN5-5
Added Pin To Net: NetName=PGC Pin=U4-16
Added Net: Name=PGC
Added Pin To Net: NetName=PGD Pin=CN5-4
Added Pin To Net: NetName=PGD Pin=U4-17
Added Net: Name=PGD
Added Pin To Net: NetName=RX1 Pin=R2-1
Added Pin To Net: NetName=RX1 Pin=U1-1
Added Pin To Net: NetName=RX1 Pin=U4-1
Added Net: Name=RX1
Added Pin To Net: NetName=RX2 Pin=R10-1
Added Pin To Net: NetName=RX2 Pin=U2-1
Added Pin To Net: NetName=RX2 Pin=U4-5
Added Net: Name=RX2
Added Pin To Net: NetName=S1 Pin=R30-1
Added Pin To Net: NetName=S1 Pin=U4-8
Added Pin To Net: NetName=S1 Pin=U6-3
Added Net: Name=S1
Added Pin To Net: NetName=S2 Pin=R36-1
Added Pin To Net: NetName=S2 Pin=U4-9
Added Pin To Net: NetName=S2 Pin=U9-3
Added Net: Name=S2
Added Pin To Net: NetName=S3 Pin=R42-1
Added Pin To Net: NetName=S3 Pin=U4-10
Added Pin To Net: NetName=S3 Pin=U12-3
Added Net: Name=S3
Added Pin To Net: NetName=S4 Pin=R48-1
Added Pin To Net: NetName=S4 Pin=U4-11
Added Pin To Net: NetName=S4 Pin=U15-3
Added Net: Name=S4
Added Pin To Net: NetName=S5 Pin=R54-1
Added Pin To Net: NetName=S5 Pin=U4-14
Added Pin To Net: NetName=S5 Pin=U18-3
Added Net: Name=S5
Added Pin To Net: NetName=S6 Pin=R32-1
Added Pin To Net: NetName=S6 Pin=U4-19
Added Pin To Net: NetName=S6 Pin=U7-3
Added Net: Name=S6
Added Pin To Net: NetName=S7 Pin=R38-1
Added Pin To Net: NetName=S7 Pin=U4-20
Added Pin To Net: NetName=S7 Pin=U10-3
Added Net: Name=S7
Added Pin To Net: NetName=S8 Pin=R44-1
Added Pin To Net: NetName=S8 Pin=U4-21
Added Pin To Net: NetName=S8 Pin=U13-3
Added Net: Name=S8
Added Pin To Net: NetName=S9 Pin=R50-1
Added Pin To Net: NetName=S9 Pin=U4-22
Added Pin To Net: NetName=S9 Pin=U16-3
Added Net: Name=S9
Added Pin To Net: NetName=S10 Pin=R56-1
Added Pin To Net: NetName=S10 Pin=U4-23
Added Pin To Net: NetName=S10 Pin=U19-3
Added Net: Name=S10
Added Pin To Net: NetName=S11 Pin=R34-1
Added Pin To Net: NetName=S11 Pin=U4-24
Added Pin To Net: NetName=S11 Pin=U8-3
Added Net: Name=S11
Added Pin To Net: NetName=TX1 Pin=U1-4
Added Pin To Net: NetName=TX1 Pin=U4-44
Added Net: Name=TX1
Added Pin To Net: NetName=TX2 Pin=U2-4
Added Pin To Net: NetName=TX2 Pin=U4-4
Added Net: Name=TX2
Added Pin To Net: NetName=TX/#RX1 Pin=U4-43
Added Net: Name=TX/#RX1
Added Pin To Net: NetName=TX/#RX2 Pin=U4-2
Added Net: Name=TX/#RX2
Added Class: Name=Comunicacao
Added Class: Name=CPU
Added Class: Name=Sensores
Added Room: Name=Comunicacao
Added Room: Name=CPU
Added Room: Name=Sensores
