Change Component Designator: Old Designator=CN9 New Designator=CN7
Change Component Designator: Old Designator=CN9 New Designator=CN8
Change Component Designator: Old Designator=CN9 New Designator=CN10
Change Component Designator: Old Designator=CN9 New Designator=CN11
Change Component Designator: Old Designator=CN9 New Designator=CN12
Change Component Designator: Old Designator=CN9 New Designator=CN13
Change Component Designator: Old Designator=CN9 New Designator=CN14
Change Component Designator: Old Designator=CN9 New Designator=CN15
Change Component Designator: Old Designator=CN9 New Designator=CN16
Change Component Designator: Old Designator=CN9 New Designator=CN17
Change Component Designator: Old Designator=CN9 New Designator=CN18
Change Component Designator: Old Designator=CN9 New Designator=CN19
Change Component Designator: Old Designator=CN9 New Designator=CN20
Change Component Designator: Old Designator=LED13 New Designator=LED8
Change Component Designator: Old Designator=LED13 New Designator=LED9
Change Component Designator: Old Designator=LED13 New Designator=LED10
Change Component Designator: Old Designator=LED13 New Designator=LED11
Change Component Designator: Old Designator=LED13 New Designator=LED12
Change Component Designator: Old Designator=LED13 New Designator=LED14
Change Component Designator: Old Designator=LED13 New Designator=LED15
Change Component Designator: Old Designator=LED13 New Designator=LED16
Change Component Designator: Old Designator=LED13 New Designator=LED17
Change Component Designator: Old Designator=LED13 New Designator=LED18
Change Component Designator: Old Designator=LED13 New Designator=LED19
Change Component Designator: Old Designator=LED13 New Designator=LED20
Change Component Designator: Old Designator=LED13 New Designator=LED21
Change Component Designator: Old Designator=PTC4 New Designator=PTC2
Change Component Designator: Old Designator=PTC4 New Designator=PTC3
Change Component Designator: Old Designator=R51 New Designator=R30
Change Component Designator: Old Designator=R51 New Designator=R31
Change Component Designator: Old Designator=R51 New Designator=R32
Change Component Designator: Old Designator=R51 New Designator=R33
Change Component Designator: Old Designator=R51 New Designator=R34
Change Component Designator: Old Designator=R51 New Designator=R35
Change Component Designator: Old Designator=R51 New Designator=R36
Change Component Designator: Old Designator=R51 New Designator=R37
Change Component Designator: Old Designator=R51 New Designator=R38
Change Component Designator: Old Designator=R51 New Designator=R39
Change Component Designator: Old Designator=R51 New Designator=R40
Change Component Designator: Old Designator=R51 New Designator=R41
Change Component Designator: Old Designator=R51 New Designator=R42
Change Component Designator: Old Designator=R51 New Designator=R43
Change Component Designator: Old Designator=R51 New Designator=R44
Change Component Designator: Old Designator=R51 New Designator=R45
Change Component Designator: Old Designator=R51 New Designator=R46
Change Component Designator: Old Designator=R51 New Designator=R47
Change Component Designator: Old Designator=R51 New Designator=R48
Change Component Designator: Old Designator=R51 New Designator=R49
Change Component Designator: Old Designator=R51 New Designator=R50
Change Component Designator: Old Designator=R51 New Designator=R52
Change Component Designator: Old Designator=R51 New Designator=R53
Change Component Designator: Old Designator=R51 New Designator=R54
Change Component Designator: Old Designator=R51 New Designator=R55
Change Component Designator: Old Designator=R51 New Designator=R56
Change Component Designator: Old Designator=R51 New Designator=R57
Change Component Designator: Old Designator=U10 New Designator=U6
Change Component Designator: Old Designator=U10 New Designator=U7
Change Component Designator: Old Designator=U10 New Designator=U8
Change Component Designator: Old Designator=U10 New Designator=U9
Change Component Designator: Old Designator=U10 New Designator=U11
Change Component Designator: Old Designator=U10 New Designator=U12
Change Component Designator: Old Designator=U10 New Designator=U13
Change Component Designator: Old Designator=U10 New Designator=U14
Change Component Designator: Old Designator=U10 New Designator=U15
Change Component Designator: Old Designator=U10 New Designator=U16
Change Component Designator: Old Designator=U10 New Designator=U17
Change Component Designator: Old Designator=U10 New Designator=U18
Change Component Designator: Old Designator=U10 New Designator=U19
